[2020-07-23 11:22:43] app.INFO: Protect vendor folder in module contactform [] []
[2020-07-23 11:22:43] app.INFO: Module contactform has no vendor folder [] []
[2020-07-23 11:22:43] app.INFO: Protect vendor folder in module dashactivity [] []
[2020-07-23 11:22:43] app.INFO: Module dashactivity has no vendor folder [] []
[2020-07-23 11:22:44] app.INFO: Protect vendor folder in module dashtrends [] []
[2020-07-23 11:22:44] app.INFO: Module dashtrends has no vendor folder [] []
[2020-07-23 11:22:44] app.INFO: Protect vendor folder in module dashgoals [] []
[2020-07-23 11:22:44] app.INFO: Module dashgoals has no vendor folder [] []
[2020-07-23 11:22:44] app.INFO: Protect vendor folder in module dashproducts [] []
[2020-07-23 11:22:44] app.INFO: Module dashproducts has no vendor folder [] []
[2020-07-23 11:22:44] app.INFO: Protect vendor folder in module graphnvd3 [] []
[2020-07-23 11:22:44] app.INFO: Module graphnvd3 has no vendor folder [] []
[2020-07-23 11:22:44] app.INFO: Protect vendor folder in module gridhtml [] []
[2020-07-23 11:22:44] app.INFO: Module gridhtml has no vendor folder [] []
[2020-07-23 11:22:44] app.INFO: Protect vendor folder in module gsitemap [] []
[2020-07-23 11:22:44] app.INFO: Module gsitemap has no vendor folder [] []
[2020-07-23 11:22:44] app.INFO: Protect vendor folder in module ps_banner [] []
[2020-07-23 11:22:44] app.INFO: Module ps_banner has no vendor folder [] []
[2020-07-23 11:22:44] app.INFO: Protect vendor folder in module ps_categorytree [] []
[2020-07-23 11:22:44] app.INFO: Module ps_categorytree has no vendor folder [] []
[2020-07-23 11:22:44] app.INFO: Protect vendor folder in module ps_checkpayment [] []
[2020-07-23 11:22:44] app.INFO: Module ps_checkpayment has no vendor folder [] []
[2020-07-23 11:22:44] app.INFO: Protect vendor folder in module ps_contactinfo [] []
[2020-07-23 11:22:44] app.INFO: Module ps_contactinfo has no vendor folder [] []
[2020-07-23 11:22:45] app.INFO: Protect vendor folder in module ps_currencyselector [] []
[2020-07-23 11:22:45] app.INFO: Module ps_currencyselector has no vendor folder [] []
[2020-07-23 11:22:45] app.INFO: Protect vendor folder in module ps_customeraccountlinks [] []
[2020-07-23 11:22:45] app.INFO: Module ps_customeraccountlinks has no vendor folder [] []
[2020-07-23 11:22:45] app.INFO: Protect vendor folder in module ps_customersignin [] []
[2020-07-23 11:22:45] app.INFO: Module ps_customersignin has no vendor folder [] []
[2020-07-23 11:22:45] app.INFO: Protect vendor folder in module ps_customtext [] []
[2020-07-23 11:22:45] app.INFO: Module ps_customtext has no vendor folder [] []
[2020-07-23 11:22:45] app.INFO: Protect vendor folder in module ps_emailsubscription [] []
[2020-07-23 11:22:45] app.INFO: Module ps_emailsubscription has no vendor folder [] []
[2020-07-23 11:22:46] app.INFO: Protect vendor folder in module ps_facetedsearch [] []
[2020-07-23 11:22:46] app.INFO: Module ps_facetedsearch has no vendor folder [] []
[2020-07-23 11:22:46] app.INFO: Protect vendor folder in module ps_faviconnotificationbo [] []
[2020-07-23 11:22:46] app.INFO: Module ps_faviconnotificationbo has no vendor folder [] []
[2020-07-23 11:22:46] app.INFO: Protect vendor folder in module ps_featuredproducts [] []
[2020-07-23 11:22:46] app.INFO: Module ps_featuredproducts has no vendor folder [] []
[2020-07-23 11:22:46] app.INFO: Protect vendor folder in module ps_imageslider [] []
[2020-07-23 11:22:46] app.INFO: Module ps_imageslider has no vendor folder [] []
[2020-07-23 11:22:46] app.INFO: Protect vendor folder in module ps_languageselector [] []
[2020-07-23 11:22:46] app.INFO: Module ps_languageselector has no vendor folder [] []
[2020-07-23 11:22:46] app.INFO: Protect vendor folder in module ps_linklist [] []
[2020-07-23 11:22:46] app.INFO: Module ps_linklist has no vendor folder [] []
[2020-07-23 11:22:46] app.ERROR: Class "AdminLinkWidgetController" not found in controllers/admin [] []
[2020-07-23 11:22:47] app.INFO: Protect vendor folder in module ps_mainmenu [] []
[2020-07-23 11:22:47] app.INFO: Module ps_mainmenu has no vendor folder [] []
[2020-07-23 11:22:47] app.INFO: Protect vendor folder in module ps_searchbar [] []
[2020-07-23 11:22:47] app.INFO: Module ps_searchbar has no vendor folder [] []
[2020-07-23 11:22:47] app.INFO: Protect vendor folder in module ps_sharebuttons [] []
[2020-07-23 11:22:47] app.INFO: Module ps_sharebuttons has no vendor folder [] []
[2020-07-23 11:22:47] app.INFO: Protect vendor folder in module ps_shoppingcart [] []
[2020-07-23 11:22:47] app.INFO: Module ps_shoppingcart has no vendor folder [] []
[2020-07-23 11:22:47] app.INFO: Protect vendor folder in module ps_socialfollow [] []
[2020-07-23 11:22:47] app.INFO: Module ps_socialfollow has no vendor folder [] []
[2020-07-23 11:22:47] app.INFO: Protect vendor folder in module ps_themecusto [] []
[2020-07-23 11:22:47] app.INFO: Module ps_themecusto has no vendor folder [] []
[2020-07-23 11:22:47] app.INFO: Protect vendor folder in module ps_wirepayment [] []
[2020-07-23 11:22:47] app.INFO: Module ps_wirepayment has no vendor folder [] []
[2020-07-23 11:22:47] app.INFO: Protect vendor folder in module pagesnotfound [] []
[2020-07-23 11:22:47] app.INFO: Module pagesnotfound has no vendor folder [] []
[2020-07-23 11:22:47] app.INFO: Protect vendor folder in module sekeywords [] []
[2020-07-23 11:22:47] app.INFO: Module sekeywords has no vendor folder [] []
[2020-07-23 11:22:47] app.INFO: Protect vendor folder in module statsbestcategories [] []
[2020-07-23 11:22:47] app.INFO: Module statsbestcategories has no vendor folder [] []
[2020-07-23 11:22:47] app.INFO: Protect vendor folder in module statsbestcustomers [] []
[2020-07-23 11:22:47] app.INFO: Module statsbestcustomers has no vendor folder [] []
[2020-07-23 11:22:47] app.INFO: Protect vendor folder in module statsbestproducts [] []
[2020-07-23 11:22:47] app.INFO: Module statsbestproducts has no vendor folder [] []
[2020-07-23 11:22:47] app.INFO: Protect vendor folder in module statsbestsuppliers [] []
[2020-07-23 11:22:47] app.INFO: Module statsbestsuppliers has no vendor folder [] []
[2020-07-23 11:22:48] app.INFO: Protect vendor folder in module statsbestvouchers [] []
[2020-07-23 11:22:48] app.INFO: Module statsbestvouchers has no vendor folder [] []
[2020-07-23 11:22:48] app.INFO: Protect vendor folder in module statscarrier [] []
[2020-07-23 11:22:48] app.INFO: Module statscarrier has no vendor folder [] []
[2020-07-23 11:22:48] app.INFO: Protect vendor folder in module statscatalog [] []
[2020-07-23 11:22:48] app.INFO: Module statscatalog has no vendor folder [] []
[2020-07-23 11:22:48] app.INFO: Protect vendor folder in module statscheckup [] []
[2020-07-23 11:22:48] app.INFO: Module statscheckup has no vendor folder [] []
[2020-07-23 11:22:48] app.INFO: Protect vendor folder in module statsdata [] []
[2020-07-23 11:22:48] app.INFO: Module statsdata has no vendor folder [] []
[2020-07-23 11:22:48] app.INFO: Protect vendor folder in module statsequipment [] []
[2020-07-23 11:22:48] app.INFO: Module statsequipment has no vendor folder [] []
[2020-07-23 11:22:48] app.INFO: Protect vendor folder in module statsforecast [] []
[2020-07-23 11:22:48] app.INFO: Module statsforecast has no vendor folder [] []
[2020-07-23 11:22:48] app.INFO: Protect vendor folder in module statslive [] []
[2020-07-23 11:22:48] app.INFO: Module statslive has no vendor folder [] []
[2020-07-23 11:22:48] app.INFO: Protect vendor folder in module statsnewsletter [] []
[2020-07-23 11:22:48] app.INFO: Module statsnewsletter has no vendor folder [] []
[2020-07-23 11:22:48] app.INFO: Protect vendor folder in module statsorigin [] []
[2020-07-23 11:22:48] app.INFO: Module statsorigin has no vendor folder [] []
[2020-07-23 11:22:48] app.INFO: Protect vendor folder in module statspersonalinfos [] []
[2020-07-23 11:22:48] app.INFO: Module statspersonalinfos has no vendor folder [] []
[2020-07-23 11:22:48] app.INFO: Protect vendor folder in module statsproduct [] []
[2020-07-23 11:22:48] app.INFO: Module statsproduct has no vendor folder [] []
[2020-07-23 11:22:48] app.INFO: Protect vendor folder in module statsregistrations [] []
[2020-07-23 11:22:48] app.INFO: Module statsregistrations has no vendor folder [] []
[2020-07-23 11:22:48] app.INFO: Protect vendor folder in module statssales [] []
[2020-07-23 11:22:48] app.INFO: Module statssales has no vendor folder [] []
[2020-07-23 11:22:48] app.INFO: Protect vendor folder in module statssearch [] []
[2020-07-23 11:22:48] app.INFO: Module statssearch has no vendor folder [] []
[2020-07-23 11:22:48] app.INFO: Protect vendor folder in module statsstock [] []
[2020-07-23 11:22:48] app.INFO: Module statsstock has no vendor folder [] []
[2020-07-23 11:22:49] app.INFO: Protect vendor folder in module statsvisits [] []
[2020-07-23 11:22:49] app.INFO: Module statsvisits has no vendor folder [] []
[2020-07-23 11:22:49] app.INFO: Protect vendor folder in module welcome [] []
[2020-07-23 11:22:50] app.INFO: Exporting mail with theme modern for language Français (French) [] []
[2020-07-23 11:22:50] app.INFO: Core output folder: /var/www/html/mails [] []
[2020-07-23 11:22:50] app.INFO: Modules output folder: /var/www/html/modules/ [] []
[2020-08-20 12:04:53] request.CRITICAL: Uncaught PHP Exception InvalidArgumentException: "Magic request methods require a URI and optional options array" at /var/www/html/modules/acmetranslations/libs/guzzlehttp/guzzle/src/Client.php line 81 {"exception":"[object] (InvalidArgumentException(code: 0): Magic request methods require a URI and optional options array at /var/www/html/modules/acmetranslations/libs/guzzlehttp/guzzle/src/Client.php:81)"} []
[2020-08-20 12:04:57] request.CRITICAL: Uncaught PHP Exception InvalidArgumentException: "Magic request methods require a URI and optional options array" at /var/www/html/modules/acmetranslations/libs/guzzlehttp/guzzle/src/Client.php line 81 {"exception":"[object] (InvalidArgumentException(code: 0): Magic request methods require a URI and optional options array at /var/www/html/modules/acmetranslations/libs/guzzlehttp/guzzle/src/Client.php:81)"} []
[2020-08-20 12:04:59] request.CRITICAL: Uncaught PHP Exception InvalidArgumentException: "Magic request methods require a URI and optional options array" at /var/www/html/modules/acmetranslations/libs/guzzlehttp/guzzle/src/Client.php line 81 {"exception":"[object] (InvalidArgumentException(code: 0): Magic request methods require a URI and optional options array at /var/www/html/modules/acmetranslations/libs/guzzlehttp/guzzle/src/Client.php:81)"} []
[2020-08-20 12:05:01] request.CRITICAL: Uncaught PHP Exception InvalidArgumentException: "Magic request methods require a URI and optional options array" at /var/www/html/modules/acmetranslations/libs/guzzlehttp/guzzle/src/Client.php line 81 {"exception":"[object] (InvalidArgumentException(code: 0): Magic request methods require a URI and optional options array at /var/www/html/modules/acmetranslations/libs/guzzlehttp/guzzle/src/Client.php:81)"} []
[2020-08-20 12:16:00] request.CRITICAL: Uncaught PHP Exception InvalidArgumentException: "Magic request methods require a URI and optional options array" at /var/www/html/modules/acmetranslations/libs/guzzlehttp/guzzle/src/Client.php line 81 {"exception":"[object] (InvalidArgumentException(code: 0): Magic request methods require a URI and optional options array at /var/www/html/modules/acmetranslations/libs/guzzlehttp/guzzle/src/Client.php:81)"} []
[2020-08-20 12:51:24] request.CRITICAL: Uncaught PHP Exception InvalidArgumentException: "Magic request methods require a URI and optional options array" at /var/www/html/modules/acmetranslations/libs/guzzlehttp/guzzle/src/Client.php line 81 {"exception":"[object] (InvalidArgumentException(code: 0): Magic request methods require a URI and optional options array at /var/www/html/modules/acmetranslations/libs/guzzlehttp/guzzle/src/Client.php:81)"} []
[2020-08-20 12:51:36] request.CRITICAL: Uncaught PHP Exception InvalidArgumentException: "Magic request methods require a URI and optional options array" at /var/www/html/modules/acmetranslations/libs/guzzlehttp/guzzle/src/Client.php line 81 {"exception":"[object] (InvalidArgumentException(code: 0): Magic request methods require a URI and optional options array at /var/www/html/modules/acmetranslations/libs/guzzlehttp/guzzle/src/Client.php:81)"} []
[2020-08-20 12:51:37] request.CRITICAL: Uncaught PHP Exception InvalidArgumentException: "Magic request methods require a URI and optional options array" at /var/www/html/modules/acmetranslations/libs/guzzlehttp/guzzle/src/Client.php line 81 {"exception":"[object] (InvalidArgumentException(code: 0): Magic request methods require a URI and optional options array at /var/www/html/modules/acmetranslations/libs/guzzlehttp/guzzle/src/Client.php:81)"} []
[2020-08-20 12:51:42] request.CRITICAL: Uncaught PHP Exception InvalidArgumentException: "Magic request methods require a URI and optional options array" at /var/www/html/modules/acmetranslations/libs/guzzlehttp/guzzle/src/Client.php line 81 {"exception":"[object] (InvalidArgumentException(code: 0): Magic request methods require a URI and optional options array at /var/www/html/modules/acmetranslations/libs/guzzlehttp/guzzle/src/Client.php:81)"} []
[2020-08-20 13:10:39] request.CRITICAL: Uncaught PHP Exception InvalidArgumentException: "Magic request methods require a URI and optional options array" at /var/www/html/modules/acmetranslations/libs/guzzlehttp/guzzle/src/Client.php line 81 {"exception":"[object] (InvalidArgumentException(code: 0): Magic request methods require a URI and optional options array at /var/www/html/modules/acmetranslations/libs/guzzlehttp/guzzle/src/Client.php:81)"} []
[2020-08-20 18:10:22] request.INFO: Matched route "admin_module_manage_action". {"route":"admin_module_manage_action","route_parameters":{"_controller":"PrestaShopBundle\\Controller\\Admin\\Improve\\ModuleController::moduleAction","action":"reset","module_name":"acmetranslations","_route":"admin_module_manage_action"},"request_uri":"http://www.prestashop_acme.rf/admin896fun2jr/index.php/improve/modules/manage/action/reset/acmetranslations?_token=pzUQBQQB_jmjQ0cSGpbtKxJbKWpR-LJhx4lfErQSCtc","method":"POST"} []
[2020-08-20 18:10:22] security.DEBUG: Read existing security token from the session. {"key":"_security_main","token_class":"Symfony\\Component\\Security\\Core\\Authentication\\Token\\UsernamePasswordToken"} []
[2020-08-20 18:10:22] security.DEBUG: User was reloaded from a user provider. {"provider":"PrestaShopBundle\\Security\\Admin\\EmployeeProvider","username":"m.pater@algo-factory.com"} []
[2020-08-20 18:10:22] app.ERROR: Exception retournée par le module acmetranslations pour reset. Vous n'êtes pas autorisé à réinitialiser le module acmetranslations. [] []
[2020-08-20 18:10:22] security.DEBUG: Stored the security token in the session. {"key":"_security_main"} []
[2020-08-20 18:10:59] request.INFO: Matched route "admin_module_manage_action". {"route":"admin_module_manage_action","route_parameters":{"_controller":"PrestaShopBundle\\Controller\\Admin\\Improve\\ModuleController::moduleAction","action":"uninstall","module_name":"acmetranslations","_route":"admin_module_manage_action"},"request_uri":"http://www.prestashop_acme.rf/admin896fun2jr/index.php/improve/modules/manage/action/uninstall/acmetranslations?_token=pzUQBQQB_jmjQ0cSGpbtKxJbKWpR-LJhx4lfErQSCtc","method":"POST"} []
[2020-08-20 18:10:59] security.DEBUG: Read existing security token from the session. {"key":"_security_main","token_class":"Symfony\\Component\\Security\\Core\\Authentication\\Token\\UsernamePasswordToken"} []
[2020-08-20 18:10:59] security.DEBUG: User was reloaded from a user provider. {"provider":"PrestaShopBundle\\Security\\Admin\\EmployeeProvider","username":"m.pater@algo-factory.com"} []
[2020-08-20 18:10:59] app.ERROR: Exception retournée par le module acmetranslations pour uninstall. Vous n'êtes pas autorisé à désinstaller le module acmetranslations. [] []
[2020-08-20 18:10:59] security.DEBUG: Stored the security token in the session. {"key":"_security_main"} []
[2020-08-20 18:11:05] request.INFO: Matched route "admin_module_manage_action". {"route":"admin_module_manage_action","route_parameters":{"_controller":"PrestaShopBundle\\Controller\\Admin\\Improve\\ModuleController::moduleAction","action":"reset","module_name":"acmetranslations","_route":"admin_module_manage_action"},"request_uri":"http://www.prestashop_acme.rf/admin896fun2jr/index.php/improve/modules/manage/action/reset/acmetranslations?_token=pzUQBQQB_jmjQ0cSGpbtKxJbKWpR-LJhx4lfErQSCtc","method":"POST"} []
[2020-08-20 18:11:05] security.DEBUG: Read existing security token from the session. {"key":"_security_main","token_class":"Symfony\\Component\\Security\\Core\\Authentication\\Token\\UsernamePasswordToken"} []
[2020-08-20 18:11:05] security.DEBUG: User was reloaded from a user provider. {"provider":"PrestaShopBundle\\Security\\Admin\\EmployeeProvider","username":"m.pater@algo-factory.com"} []
[2020-08-20 18:11:05] app.ERROR: Exception retournée par le module acmetranslations pour reset. Vous n'êtes pas autorisé à réinitialiser le module acmetranslations. [] []
[2020-08-20 18:11:05] security.DEBUG: Stored the security token in the session. {"key":"_security_main"} []
[2020-08-20 19:33:33] request.INFO: Matched route "admin_international_translation_overview". {"route":"admin_international_translation_overview","route_parameters":{"_controller":"PrestaShopBundle\\Controller\\Admin\\TranslationsController::overviewAction","_legacy_controller":"AdminTranslations","_legacy_link":"AdminTranslationSf","_route":"admin_international_translation_overview"},"request_uri":"http://www.prestashop_acme.rf/admin896fun2jr/index.php/improve/international/translations/?_token=pzUQBQQB_jmjQ0cSGpbtKxJbKWpR-LJhx4lfErQSCtc&lang=fr&locale=fr-FR&type=back","method":"GET"} []
[2020-08-20 19:33:35] security.DEBUG: Read existing security token from the session. {"key":"_security_main","token_class":"Symfony\\Component\\Security\\Core\\Authentication\\Token\\UsernamePasswordToken"} []
[2020-08-20 19:33:35] security.DEBUG: User was reloaded from a user provider. {"provider":"PrestaShopBundle\\Security\\Admin\\EmployeeProvider","username":"m.pater@algo-factory.com"} []
[2020-08-20 19:33:35] request.CRITICAL: Uncaught PHP Exception Twig\Error\RuntimeError: "Circular reference detected for Twig template "PrestaShopBundle:Admin/Translations:overview.html.twig", path: @PrestaShop/Admin/Translations/overview.html.twig -> PrestaShopBundle:Admin/Translations:overview.html.twig." at /var/www/html/src/PrestaShopBundle/Resources/views/Admin/Translations/overview.html.twig line 25 {"exception":"[object] (Twig\\Error\\RuntimeError(code: 0): Circular reference detected for Twig template \"PrestaShopBundle:Admin/Translations:overview.html.twig\", path: @PrestaShop/Admin/Translations/overview.html.twig -> PrestaShopBundle:Admin/Translations:overview.html.twig. at /var/www/html/src/PrestaShopBundle/Resources/views/Admin/Translations/overview.html.twig:25)"} []
[2020-08-20 19:33:35] security.DEBUG: Stored the security token in the session. {"key":"_security_main"} []
[2020-08-20 19:33:52] request.INFO: Matched route "admin_international_translation_overview". {"route":"admin_international_translation_overview","route_parameters":{"_controller":"PrestaShopBundle\\Controller\\Admin\\TranslationsController::overviewAction","_legacy_controller":"AdminTranslations","_legacy_link":"AdminTranslationSf","_route":"admin_international_translation_overview"},"request_uri":"http://www.prestashop_acme.rf/admin896fun2jr/index.php/improve/international/translations/?_token=pzUQBQQB_jmjQ0cSGpbtKxJbKWpR-LJhx4lfErQSCtc&lang=fr&locale=fr-FR&type=back","method":"GET"} []
[2020-08-20 19:33:55] security.DEBUG: Read existing security token from the session. {"key":"_security_main","token_class":"Symfony\\Component\\Security\\Core\\Authentication\\Token\\UsernamePasswordToken"} []
[2020-08-20 19:33:55] security.DEBUG: User was reloaded from a user provider. {"provider":"PrestaShopBundle\\Security\\Admin\\EmployeeProvider","username":"m.pater@algo-factory.com"} []
[2020-08-20 19:33:55] request.CRITICAL: Uncaught PHP Exception Twig\Error\LoaderError: "Template "PrestaShopBundle:Admin/Translations/overview.html.twig" is not defined in "@PrestaShop/Admin/Translations/overview.html.twig" at line 25." at /var/www/html/vendor/twig/twig/src/Loader/ChainLoader.php line 142 {"exception":"[object] (Twig\\Error\\LoaderError(code: 0): Template \"PrestaShopBundle:Admin/Translations/overview.html.twig\" is not defined in \"@PrestaShop/Admin/Translations/overview.html.twig\" at line 25. at /var/www/html/vendor/twig/twig/src/Loader/ChainLoader.php:142)"} []
[2020-08-20 19:33:55] security.DEBUG: Stored the security token in the session. {"key":"_security_main"} []
[2020-08-20 19:33:58] request.INFO: Matched route "admin_international_translation_overview". {"route":"admin_international_translation_overview","route_parameters":{"_controller":"PrestaShopBundle\\Controller\\Admin\\TranslationsController::overviewAction","_legacy_controller":"AdminTranslations","_legacy_link":"AdminTranslationSf","_route":"admin_international_translation_overview"},"request_uri":"http://www.prestashop_acme.rf/admin896fun2jr/index.php/improve/international/translations/?_token=pzUQBQQB_jmjQ0cSGpbtKxJbKWpR-LJhx4lfErQSCtc&lang=fr&locale=fr-FR&type=back","method":"GET"} []
[2020-08-20 19:33:58] security.DEBUG: Read existing security token from the session. {"key":"_security_main","token_class":"Symfony\\Component\\Security\\Core\\Authentication\\Token\\UsernamePasswordToken"} []
[2020-08-20 19:33:58] security.DEBUG: User was reloaded from a user provider. {"provider":"PrestaShopBundle\\Security\\Admin\\EmployeeProvider","username":"m.pater@algo-factory.com"} []
[2020-08-20 19:33:59] request.CRITICAL: Uncaught PHP Exception Twig\Error\LoaderError: "Template "PrestaShopBundle:Admin/Translations/overview.html.twig" is not defined in "@PrestaShop/Admin/Translations/overview.html.twig" at line 25." at /var/www/html/vendor/twig/twig/src/Loader/ChainLoader.php line 142 {"exception":"[object] (Twig\\Error\\LoaderError(code: 0): Template \"PrestaShopBundle:Admin/Translations/overview.html.twig\" is not defined in \"@PrestaShop/Admin/Translations/overview.html.twig\" at line 25. at /var/www/html/vendor/twig/twig/src/Loader/ChainLoader.php:142)"} []
[2020-08-20 19:33:59] security.DEBUG: Stored the security token in the session. {"key":"_security_main"} []
[2020-08-20 19:57:37] request.INFO: Matched route "admin_international_translation_overview". {"route":"admin_international_translation_overview","route_parameters":{"_controller":"PrestaShopBundle\\Controller\\Admin\\TranslationsController::overviewAction","_legacy_controller":"AdminTranslations","_legacy_link":"AdminTranslationSf","_route":"admin_international_translation_overview"},"request_uri":"http://www.prestashop_acme.rf/admin896fun2jr/index.php/improve/international/translations/?_token=pzUQBQQB_jmjQ0cSGpbtKxJbKWpR-LJhx4lfErQSCtc&lang=fr&locale=fr-FR&type=back","method":"GET"} []
[2020-08-20 19:57:37] security.DEBUG: Read existing security token from the session. {"key":"_security_main","token_class":"Symfony\\Component\\Security\\Core\\Authentication\\Token\\UsernamePasswordToken"} []
[2020-08-20 19:57:37] security.DEBUG: User was reloaded from a user provider. {"provider":"PrestaShopBundle\\Security\\Admin\\EmployeeProvider","username":"m.pater@algo-factory.com"} []
[2020-08-20 19:57:37] request.CRITICAL: Uncaught PHP Exception Twig\Error\LoaderError: "Template "PrestaShopBundle:Admin/Translations/overview.html.twig" is not defined in "@PrestaShop/Admin/Translations/overview.html.twig" at line 25." at /var/www/html/vendor/twig/twig/src/Loader/ChainLoader.php line 142 {"exception":"[object] (Twig\\Error\\LoaderError(code: 0): Template \"PrestaShopBundle:Admin/Translations/overview.html.twig\" is not defined in \"@PrestaShop/Admin/Translations/overview.html.twig\" at line 25. at /var/www/html/vendor/twig/twig/src/Loader/ChainLoader.php:142)"} []
[2020-08-20 19:57:37] security.DEBUG: Stored the security token in the session. {"key":"_security_main"} []
[2020-08-20 19:57:45] request.INFO: Matched route "admin_international_translation_overview". {"route":"admin_international_translation_overview","route_parameters":{"_controller":"PrestaShopBundle\\Controller\\Admin\\TranslationsController::overviewAction","_legacy_controller":"AdminTranslations","_legacy_link":"AdminTranslationSf","_route":"admin_international_translation_overview"},"request_uri":"http://www.prestashop_acme.rf/admin896fun2jr/index.php/improve/international/translations/?_token=pzUQBQQB_jmjQ0cSGpbtKxJbKWpR-LJhx4lfErQSCtc&lang=fr&locale=fr-FR&type=back","method":"GET"} []
[2020-08-20 19:57:45] security.DEBUG: Read existing security token from the session. {"key":"_security_main","token_class":"Symfony\\Component\\Security\\Core\\Authentication\\Token\\UsernamePasswordToken"} []
[2020-08-20 19:57:45] security.DEBUG: User was reloaded from a user provider. {"provider":"PrestaShopBundle\\Security\\Admin\\EmployeeProvider","username":"m.pater@algo-factory.com"} []
[2020-08-20 19:57:45] request.CRITICAL: Uncaught PHP Exception Twig\Error\LoaderError: "Template "PrestaShopBundle:Admin/Translations/overview.html.twig" is not defined in "@PrestaShop/Admin/Translations/overview.html.twig" at line 25." at /var/www/html/vendor/twig/twig/src/Loader/ChainLoader.php line 142 {"exception":"[object] (Twig\\Error\\LoaderError(code: 0): Template \"PrestaShopBundle:Admin/Translations/overview.html.twig\" is not defined in \"@PrestaShop/Admin/Translations/overview.html.twig\" at line 25. at /var/www/html/vendor/twig/twig/src/Loader/ChainLoader.php:142)"} []
[2020-08-20 19:57:45] security.DEBUG: Stored the security token in the session. {"key":"_security_main"} []
[2020-08-20 19:57:49] request.INFO: Matched route "admin_international_translation_overview". {"route":"admin_international_translation_overview","route_parameters":{"_controller":"PrestaShopBundle\\Controller\\Admin\\TranslationsController::overviewAction","_legacy_controller":"AdminTranslations","_legacy_link":"AdminTranslationSf","_route":"admin_international_translation_overview"},"request_uri":"http://www.prestashop_acme.rf/admin896fun2jr/index.php/improve/international/translations/?_token=pzUQBQQB_jmjQ0cSGpbtKxJbKWpR-LJhx4lfErQSCtc&lang=fr&locale=fr-FR&type=back","method":"GET"} []
[2020-08-20 19:57:49] security.DEBUG: Read existing security token from the session. {"key":"_security_main","token_class":"Symfony\\Component\\Security\\Core\\Authentication\\Token\\UsernamePasswordToken"} []
[2020-08-20 19:57:49] security.DEBUG: User was reloaded from a user provider. {"provider":"PrestaShopBundle\\Security\\Admin\\EmployeeProvider","username":"m.pater@algo-factory.com"} []
[2020-08-20 19:57:49] request.CRITICAL: Uncaught PHP Exception Twig\Error\LoaderError: "Template "PrestaShopBundle:Admin/Translations/overview.html.twig" is not defined in "@PrestaShop/Admin/Translations/overview.html.twig" at line 25." at /var/www/html/vendor/twig/twig/src/Loader/ChainLoader.php line 142 {"exception":"[object] (Twig\\Error\\LoaderError(code: 0): Template \"PrestaShopBundle:Admin/Translations/overview.html.twig\" is not defined in \"@PrestaShop/Admin/Translations/overview.html.twig\" at line 25. at /var/www/html/vendor/twig/twig/src/Loader/ChainLoader.php:142)"} []
[2020-08-20 19:57:49] security.DEBUG: Stored the security token in the session. {"key":"_security_main"} []
[2020-08-20 19:57:49] request.INFO: Matched route "admin_international_translation_overview". {"route":"admin_international_translation_overview","route_parameters":{"_controller":"PrestaShopBundle\\Controller\\Admin\\TranslationsController::overviewAction","_legacy_controller":"AdminTranslations","_legacy_link":"AdminTranslationSf","_route":"admin_international_translation_overview"},"request_uri":"http://www.prestashop_acme.rf/admin896fun2jr/index.php/improve/international/translations/?_token=pzUQBQQB_jmjQ0cSGpbtKxJbKWpR-LJhx4lfErQSCtc&lang=fr&locale=fr-FR&type=back","method":"GET"} []
[2020-08-20 19:57:52] security.DEBUG: Read existing security token from the session. {"key":"_security_main","token_class":"Symfony\\Component\\Security\\Core\\Authentication\\Token\\UsernamePasswordToken"} []
[2020-08-20 19:57:52] security.DEBUG: User was reloaded from a user provider. {"provider":"PrestaShopBundle\\Security\\Admin\\EmployeeProvider","username":"m.pater@algo-factory.com"} []
[2020-08-20 19:57:52] request.CRITICAL: Uncaught PHP Exception Twig\Error\LoaderError: "Template "PrestaShopBundle:Admin/Translations/overview.html.twig" is not defined in "@PrestaShop/Admin/Translations/overview.html.twig" at line 25." at /var/www/html/vendor/twig/twig/src/Loader/ChainLoader.php line 142 {"exception":"[object] (Twig\\Error\\LoaderError(code: 0): Template \"PrestaShopBundle:Admin/Translations/overview.html.twig\" is not defined in \"@PrestaShop/Admin/Translations/overview.html.twig\" at line 25. at /var/www/html/vendor/twig/twig/src/Loader/ChainLoader.php:142)"} []
[2020-08-20 19:57:52] security.DEBUG: Stored the security token in the session. {"key":"_security_main"} []
[2020-08-20 19:57:50] request.INFO: Matched route "admin_international_translation_overview". {"route":"admin_international_translation_overview","route_parameters":{"_controller":"PrestaShopBundle\\Controller\\Admin\\TranslationsController::overviewAction","_legacy_controller":"AdminTranslations","_legacy_link":"AdminTranslationSf","_route":"admin_international_translation_overview"},"request_uri":"http://www.prestashop_acme.rf/admin896fun2jr/index.php/improve/international/translations/?_token=pzUQBQQB_jmjQ0cSGpbtKxJbKWpR-LJhx4lfErQSCtc&lang=fr&locale=fr-FR&type=back","method":"GET"} []
[2020-08-20 19:57:52] security.DEBUG: Read existing security token from the session. {"key":"_security_main","token_class":"Symfony\\Component\\Security\\Core\\Authentication\\Token\\UsernamePasswordToken"} []
[2020-08-20 19:57:52] security.DEBUG: User was reloaded from a user provider. {"provider":"PrestaShopBundle\\Security\\Admin\\EmployeeProvider","username":"m.pater@algo-factory.com"} []
[2020-08-20 19:57:52] request.CRITICAL: Uncaught PHP Exception Twig\Error\LoaderError: "Template "PrestaShopBundle:Admin/Translations/overview.html.twig" is not defined in "@PrestaShop/Admin/Translations/overview.html.twig" at line 25." at /var/www/html/vendor/twig/twig/src/Loader/ChainLoader.php line 142 {"exception":"[object] (Twig\\Error\\LoaderError(code: 0): Template \"PrestaShopBundle:Admin/Translations/overview.html.twig\" is not defined in \"@PrestaShop/Admin/Translations/overview.html.twig\" at line 25. at /var/www/html/vendor/twig/twig/src/Loader/ChainLoader.php:142)"} []
[2020-08-20 19:57:52] security.DEBUG: Stored the security token in the session. {"key":"_security_main"} []
[2020-08-20 19:57:50] request.INFO: Matched route "admin_international_translation_overview". {"route":"admin_international_translation_overview","route_parameters":{"_controller":"PrestaShopBundle\\Controller\\Admin\\TranslationsController::overviewAction","_legacy_controller":"AdminTranslations","_legacy_link":"AdminTranslationSf","_route":"admin_international_translation_overview"},"request_uri":"http://www.prestashop_acme.rf/admin896fun2jr/index.php/improve/international/translations/?_token=pzUQBQQB_jmjQ0cSGpbtKxJbKWpR-LJhx4lfErQSCtc&lang=fr&locale=fr-FR&type=back","method":"GET"} []
[2020-08-20 19:57:52] security.DEBUG: Read existing security token from the session. {"key":"_security_main","token_class":"Symfony\\Component\\Security\\Core\\Authentication\\Token\\UsernamePasswordToken"} []
[2020-08-20 19:57:52] security.DEBUG: User was reloaded from a user provider. {"provider":"PrestaShopBundle\\Security\\Admin\\EmployeeProvider","username":"m.pater@algo-factory.com"} []
[2020-08-20 19:57:52] request.CRITICAL: Uncaught PHP Exception Twig\Error\LoaderError: "Template "PrestaShopBundle:Admin/Translations/overview.html.twig" is not defined in "@PrestaShop/Admin/Translations/overview.html.twig" at line 25." at /var/www/html/vendor/twig/twig/src/Loader/ChainLoader.php line 142 {"exception":"[object] (Twig\\Error\\LoaderError(code: 0): Template \"PrestaShopBundle:Admin/Translations/overview.html.twig\" is not defined in \"@PrestaShop/Admin/Translations/overview.html.twig\" at line 25. at /var/www/html/vendor/twig/twig/src/Loader/ChainLoader.php:142)"} []
[2020-08-20 19:57:52] security.DEBUG: Stored the security token in the session. {"key":"_security_main"} []
[2020-08-21 08:59:10] request.CRITICAL: Uncaught PHP Exception SmartyCompilerException: "Syntax error in template "file:/var/www/html/override/controllers/admin/templates/translations/helpers/view/translation_modules.tpl"  on line 39 "{l s='%limit% for suhosin.post.max_vars.' sprintf=['%limit%' => '<b>'|cat:$limit_warning['post.max_vars'|cat:'</b>'] d='Admin.International.Notification'}<br/>"  - Unexpected " d=", expected one of: "","" , "]"" at /var/www/html/vendor/smarty/smarty/libs/sysplugins/smarty_internal_templatecompilerbase.php line 39 {"exception":"[object] (SmartyCompilerException(code: 0): Syntax error in template \"file:/var/www/html/override/controllers/admin/templates/translations/helpers/view/translation_modules.tpl\"  on line 39 \"{l s='%limit% for suhosin.post.max_vars.' sprintf=['%limit%' => '<b>'|cat:$limit_warning['post.max_vars'|cat:'</b>'] d='Admin.International.Notification'}<br/>\"  - Unexpected \" d=\", expected one of: \"\",\"\" , \"]\" at /var/www/html/vendor/smarty/smarty/libs/sysplugins/smarty_internal_templatecompilerbase.php:39)"} []
[2020-08-21 08:59:26] request.CRITICAL: Uncaught PHP Exception SmartyCompilerException: "Syntax error in template "file:/var/www/html/override/controllers/admin/templates/translations/helpers/view/translation_modules.tpl"  on line 39 "{l s='%limit% for suhosin.post.max_vars.' sprintf=['%limit%' => '<b>'|cat:$limit_warning['post.max_vars'|cat:'</b>'] d='Admin.International.Notification'}<br/>"  - Unexpected " d=", expected one of: "","" , "]"" at /var/www/html/vendor/smarty/smarty/libs/sysplugins/smarty_internal_templatecompilerbase.php line 39 {"exception":"[object] (SmartyCompilerException(code: 0): Syntax error in template \"file:/var/www/html/override/controllers/admin/templates/translations/helpers/view/translation_modules.tpl\"  on line 39 \"{l s='%limit% for suhosin.post.max_vars.' sprintf=['%limit%' => '<b>'|cat:$limit_warning['post.max_vars'|cat:'</b>'] d='Admin.International.Notification'}<br/>\"  - Unexpected \" d=\", expected one of: \"\",\"\" , \"]\" at /var/www/html/vendor/smarty/smarty/libs/sysplugins/smarty_internal_templatecompilerbase.php:39)"} []
[2020-08-21 09:00:47] request.CRITICAL: Uncaught PHP Exception SmartyCompilerException: "Syntax error in template "file:/var/www/html/override/controllers/admin/templates/translations/helpers/view/translation_modules.tpl"  on line 39 "{l s='%limit% for suhosin.post.max_vars.' sprintf=['%limit%' => '<b>'|cat:$limit_warning['post.max_vars'|cat:'</b>'] d='Admin.International.Notification'}<br/>"  - Unexpected " d=", expected one of: "","" , "]"" at /var/www/html/vendor/smarty/smarty/libs/sysplugins/smarty_internal_templatecompilerbase.php line 39 {"exception":"[object] (SmartyCompilerException(code: 0): Syntax error in template \"file:/var/www/html/override/controllers/admin/templates/translations/helpers/view/translation_modules.tpl\"  on line 39 \"{l s='%limit% for suhosin.post.max_vars.' sprintf=['%limit%' => '<b>'|cat:$limit_warning['post.max_vars'|cat:'</b>'] d='Admin.International.Notification'}<br/>\"  - Unexpected \" d=\", expected one of: \"\",\"\" , \"]\" at /var/www/html/vendor/smarty/smarty/libs/sysplugins/smarty_internal_templatecompilerbase.php:39)"} []
[2020-08-21 09:01:18] request.CRITICAL: Uncaught PHP Exception SmartyCompilerException: "Syntax error in template "file:/var/www/html/admin896fun2jr/themes/default/template/controllers/translations/helpers/view/translation_modules.tpl"  on line 39 "{l s='%limit% for suhosin.post.max_vars.' sprintf=['%limit%' => '<b>'|cat:$limit_warning['post.max_vars'|cat:'</b>'] d='Admin.International.Notification'}<br/>"  - Unexpected " d=", expected one of: "","" , "]"" at /var/www/html/vendor/smarty/smarty/libs/sysplugins/smarty_internal_templatecompilerbase.php line 39 {"exception":"[object] (SmartyCompilerException(code: 0): Syntax error in template \"file:/var/www/html/admin896fun2jr/themes/default/template/controllers/translations/helpers/view/translation_modules.tpl\"  on line 39 \"{l s='%limit% for suhosin.post.max_vars.' sprintf=['%limit%' => '<b>'|cat:$limit_warning['post.max_vars'|cat:'</b>'] d='Admin.International.Notification'}<br/>\"  - Unexpected \" d=\", expected one of: \"\",\"\" , \"]\" at /var/www/html/vendor/smarty/smarty/libs/sysplugins/smarty_internal_templatecompilerbase.php:39)"} []
[2020-08-21 09:01:40] request.CRITICAL: Uncaught PHP Exception SmartyCompilerException: "Syntax error in template "file:/var/www/html/admin896fun2jr/themes/default/template/controllers/translations/helpers/view/translation_modules.tpl"  on line 39 "{l s='%limit% for suhosin.post.max_vars.' sprintf=['%limit%' => '<b>'|cat:$limit_warning['post.max_vars'|cat:'</b>'] d='Admin.International.Notification'}<br/>"  - Unexpected " d=", expected one of: "","" , "]"" at /var/www/html/vendor/smarty/smarty/libs/sysplugins/smarty_internal_templatecompilerbase.php line 39 {"exception":"[object] (SmartyCompilerException(code: 0): Syntax error in template \"file:/var/www/html/admin896fun2jr/themes/default/template/controllers/translations/helpers/view/translation_modules.tpl\"  on line 39 \"{l s='%limit% for suhosin.post.max_vars.' sprintf=['%limit%' => '<b>'|cat:$limit_warning['post.max_vars'|cat:'</b>'] d='Admin.International.Notification'}<br/>\"  - Unexpected \" d=\", expected one of: \"\",\"\" , \"]\" at /var/www/html/vendor/smarty/smarty/libs/sysplugins/smarty_internal_templatecompilerbase.php:39)"} []
[2020-08-21 09:01:51] request.CRITICAL: Uncaught PHP Exception SmartyCompilerException: "Syntax error in template "file:/var/www/html/admin896fun2jr/themes/default/template/controllers/translations/helpers/view/translation_modules.tpl"  on line 39 "{l s='%limit% for suhosin.post.max_vars.' sprintf=['%limit%' => '<b>'|cat:$limit_warning['post.max_vars'|cat:'</b>'] d='Admin.International.Notification'}<br/>"  - Unexpected " d=", expected one of: "","" , "]"" at /var/www/html/vendor/smarty/smarty/libs/sysplugins/smarty_internal_templatecompilerbase.php line 39 {"exception":"[object] (SmartyCompilerException(code: 0): Syntax error in template \"file:/var/www/html/admin896fun2jr/themes/default/template/controllers/translations/helpers/view/translation_modules.tpl\"  on line 39 \"{l s='%limit% for suhosin.post.max_vars.' sprintf=['%limit%' => '<b>'|cat:$limit_warning['post.max_vars'|cat:'</b>'] d='Admin.International.Notification'}<br/>\"  - Unexpected \" d=\", expected one of: \"\",\"\" , \"]\" at /var/www/html/vendor/smarty/smarty/libs/sysplugins/smarty_internal_templatecompilerbase.php:39)"} []
[2020-08-21 09:41:13] request.CRITICAL: Uncaught PHP Exception InvalidArgumentException: "Magic request methods require a URI and optional options array" at /var/www/html/modules/acmetranslations/libs/guzzlehttp/guzzle/src/Client.php line 81 {"exception":"[object] (InvalidArgumentException(code: 0): Magic request methods require a URI and optional options array at /var/www/html/modules/acmetranslations/libs/guzzlehttp/guzzle/src/Client.php:81)"} []
[2020-08-21 09:41:14] request.CRITICAL: Uncaught PHP Exception InvalidArgumentException: "Magic request methods require a URI and optional options array" at /var/www/html/modules/acmetranslations/libs/guzzlehttp/guzzle/src/Client.php line 81 {"exception":"[object] (InvalidArgumentException(code: 0): Magic request methods require a URI and optional options array at /var/www/html/modules/acmetranslations/libs/guzzlehttp/guzzle/src/Client.php:81)"} []
[2020-08-21 09:42:04] request.CRITICAL: Uncaught PHP Exception InvalidArgumentException: "Magic request methods require a URI and optional options array" at /var/www/html/modules/acmetranslations/libs/guzzlehttp/guzzle/src/Client.php line 81 {"exception":"[object] (InvalidArgumentException(code: 0): Magic request methods require a URI and optional options array at /var/www/html/modules/acmetranslations/libs/guzzlehttp/guzzle/src/Client.php:81)"} []
[2020-08-21 09:42:05] request.CRITICAL: Uncaught PHP Exception InvalidArgumentException: "Magic request methods require a URI and optional options array" at /var/www/html/modules/acmetranslations/libs/guzzlehttp/guzzle/src/Client.php line 81 {"exception":"[object] (InvalidArgumentException(code: 0): Magic request methods require a URI and optional options array at /var/www/html/modules/acmetranslations/libs/guzzlehttp/guzzle/src/Client.php:81)"} []
[2020-08-21 09:42:43] request.CRITICAL: Uncaught PHP Exception InvalidArgumentException: "Magic request methods require a URI and optional options array" at /var/www/html/modules/acmetranslations/libs/guzzlehttp/guzzle/src/Client.php line 81 {"exception":"[object] (InvalidArgumentException(code: 0): Magic request methods require a URI and optional options array at /var/www/html/modules/acmetranslations/libs/guzzlehttp/guzzle/src/Client.php:81)"} []
[2020-08-21 09:42:43] request.CRITICAL: Uncaught PHP Exception InvalidArgumentException: "Magic request methods require a URI and optional options array" at /var/www/html/modules/acmetranslations/libs/guzzlehttp/guzzle/src/Client.php line 81 {"exception":"[object] (InvalidArgumentException(code: 0): Magic request methods require a URI and optional options array at /var/www/html/modules/acmetranslations/libs/guzzlehttp/guzzle/src/Client.php:81)"} []
[2020-08-21 09:47:56] request.CRITICAL: Uncaught PHP Exception InvalidArgumentException: "Magic request methods require a URI and optional options array" at /var/www/html/modules/acmetranslations/libs/guzzlehttp/guzzle/src/Client.php line 81 {"exception":"[object] (InvalidArgumentException(code: 0): Magic request methods require a URI and optional options array at /var/www/html/modules/acmetranslations/libs/guzzlehttp/guzzle/src/Client.php:81)"} []
[2020-08-21 09:47:57] request.CRITICAL: Uncaught PHP Exception InvalidArgumentException: "Magic request methods require a URI and optional options array" at /var/www/html/modules/acmetranslations/libs/guzzlehttp/guzzle/src/Client.php line 81 {"exception":"[object] (InvalidArgumentException(code: 0): Magic request methods require a URI and optional options array at /var/www/html/modules/acmetranslations/libs/guzzlehttp/guzzle/src/Client.php:81)"} []
